<?xml version="1.0" encoding="UTF-8"?>
<!-- Generated by org.testng.reporters.JUnitReportReporter -->
<testsuite hostname="DESKTOP-V3JFF3U" failures="0" tests="1" name="test.TestLoginPage" time="13.860" errors="0" timestamp="2022-06-02T06:23:31 PDT" skipped="0">
  <testcase classname="test.TestLoginPage" name="verifyLogin" time="13.860"/>
  <system-out/>
</testsuite> <!-- test.TestLoginPage -->
