<?xml version="1.0" encoding="UTF-8"?>
<!-- Generated by org.testng.reporters.JUnitReportReporter -->
<testsuite hostname="DESKTOP-V3JFF3U" failures="0" tests="2" name="test.TestLoginPage" time="61.979" errors="0" timestamp="2022-06-14T07:49:57 PDT" skipped="0">
  <testcase classname="test.TestLoginPage" name="verifyLogin" time="58.128"/>
  <system-out/>
  <testcase classname="test.TestLoginPage" name="verifyLogin" time="3.851"/>
  <system-out/>
</testsuite> <!-- test.TestLoginPage -->
